[90m2025-12-09T20:18:52.311Z[39m [96mINFO[39m [97m@wdio/browserstack-service[39m startMain: Starting main process
[90m2025-12-09T20:18:52.311Z[39m [32mDEBUG[39m [97m@wdio/browserstack-service[39m Configuring Cli path.
[90m2025-12-09T20:18:52.308Z[39m [96mINFO[39m [97m@wdio/browserstack-service[39m BrowserStack service started with id: e79023b9-90ab-4edf-a897-f277742a7811
[90m2025-12-09T20:18:52.311Z[39m [32mDEBUG[39m [97m@wdio/browserstack-service[39m File C:\Users\Vini\.browserstack already exist
[90m2025-12-09T20:18:52.308Z[39m [32mDEBUG[39m [97m@wdio/browserstack-service[39m _options data: {"browserstackLocal":false}
[90m2025-12-09T20:18:52.312Z[39m [96mINFO[39m [97m@wdio/browserstack-service[39m Current CLI Path Found: 
[90m2025-12-09T20:18:52.308Z[39m [32mDEBUG[39m [97m@wdio/browserstack-service[39m webdriver capabilities data: [{"platformName":"Android","appium:deviceName":"Google Pixel 7","appium:platformVersion":"13.0","appium:automationName":"UiAutomator2","bstack:options":{"projectName":"Meu Projeto Mobile","buildName":"Build 1","sessionName":"Teste App Android"}}]
[90m2025-12-09T20:18:52.308Z[39m [32mDEBUG[39m [97m@wdio/browserstack-service[39m _config data: {"rootDir":"C:\\Project automacao mobile\\automacaoMobile","specs":["./test/specs/**/*.ts"],"suites":{},"exclude":[],"capabilities":[],"logLevel":"info","logLevels":{},"groupLogsByTestSpec":false,"excludeDriverLogs":[],"bail":0,"waitforInterval":100,"waitforTimeout":5000,"framework":"mocha","reporters":["spec",["allure",{"outputDir":"allure-results","disableWebdriverStepsReporting":false,"disableWebdriverScreenshotsReporting":false}]],"services":[["browserstack",{"browserstackLocal":false}]],"maxInstances":100,"maxInstancesPerCapability":100,"injectGlobals":true,"filesToWatch":[],"connectionRetryTimeout":120000,"connectionRetryCount":3,"execArgv":[],"runnerEnv":{"FORCE_COLOR":"1"},"runner":"local","shard":{"current":1,"total":1},"specFileRetries":0,"specFileRetriesDelay":0,"specFileRetriesDeferred":false,"autoAssertOnTestEnd":true,"reporterSyncInterval":100,"reporterSyncTimeout":5000,"cucumberFeaturesWithLineNumbers":[],"mochaOpts":{"timeout":120000,"ui":"bdd"},"jasmineOpts":{"defaultTimeoutInterval":10000},"cucumberOpts":{"timeout":10000},"onPrepare":[],"onWorkerStart":[],"onWorkerEnd":[],"before":[],"beforeSession":[],"beforeSuite":[],"beforeHook":[],"beforeTest":[],"beforeCommand":[],"afterCommand":[],"afterTest":[],"afterHook":[],"afterSuite":[],"afterSession":[],"after":[],"onComplete":[],"onReload":[],"beforeAssertion":[],"afterAssertion":[],"beforeFeature":[],"beforeScenario":[],"beforeStep":[],"afterStep":[],"afterScenario":[],"afterFeature":[],"_":["run","run"],"$0":"node_modules\\@wdio\\cli\\bin\\wdio.js","config-path":"wdio.conf.ts"}
[90m2025-12-09T20:18:52.310Z[39m [32mDEBUG[39m [97m@wdio/browserstack-service[39m username/accesskey not passed
[90m2025-12-09T20:18:52.690Z[39m [32mDEBUG[39m [97m@wdio/browserstack-service[39m response {"message":"Unauthorized"}
[90m2025-12-09T20:18:52.711Z[39m [32mDEBUG[39m [97m@wdio/browserstack-service[39m Is CLI running false
[90m2025-12-09T20:18:52.691Z[39m [32mDEBUG[39m [97m@wdio/browserstack-service[39m Resolved binary path: 
[90m2025-12-09T20:18:52.691Z[39m [32mDEBUG[39m [97m@wdio/browserstack-service[39m spawning command=',sdk'
[90m2025-12-09T20:18:52.710Z[39m [31mERROR[39m [97m@wdio/browserstack-service[39m bootstrap: failed to bootstrap TypeError [ERR_INVALID_ARG_VALUE]: The argument 'file' cannot be empty. Received ''
    at normalizeSpawnArguments (node:child_process:572:11)
    at spawn (node:child_process:789:13)
    at _BrowserstackCLI.start (C:\Project automacao mobile\automacaoMobile\node_modules\@wdio\browserstack-service\build\index.js:8525:20)
    at process.processTicksAndRejections (node:internal/process/task_queues:103:5)
    at async _BrowserstackCLI.startMain (C:\Project automacao mobile\automacaoMobile\node_modules\@wdio\browserstack-service\build\index.js:8443:5)
    at async _BrowserstackCLI.bootstrap (C:\Project automacao mobile\automacaoMobile\node_modules\@wdio\browserstack-service\build\index.js:8429:7)
    at async BrowserstackLauncherService.onPrepare (C:\Project automacao mobile\automacaoMobile\node_modules\@wdio\browserstack-service\build\index.js:9118:9)
[90m2025-12-09T20:18:52.711Z[39m [32mDEBUG[39m [97m@wdio/browserstack-service[39m app is not defined in browserstack-service config, skipping ...
[90m2025-12-09T20:18:52.711Z[39m [32mDEBUG[39m [97m@wdio/browserstack-service[39m stop: CLI stop triggered
[90m2025-12-09T20:18:52.712Z[39m [33mWARN[39m [97m@wdio/browserstack-service[39m Accessibility Automation will run only on Chrome browsers.
[90m2025-12-09T20:18:52.711Z[39m [32mDEBUG[39m [97m@wdio/browserstack-service[39m Unconfiguring modules
[90m2025-12-09T20:18:52.712Z[39m [32mDEBUG[39m [97m@wdio/browserstack-service[39m Sending launch start event
[90m2025-12-09T20:18:53.318Z[39m [32mDEBUG[39m [97m@wdio/browserstack-service[39m [Start_Build] Success response: {"success":false,"options":null,"code":null,"errors":[{"message":"Access to BrowserStack denied due to incorrect credentials.","key":"ERROR_INVALID_CREDENTIALS"}],"error_trace_id":"a4f33d75-46e9-426c-886d-ddb8fe838e81"}
[90m2025-12-09T20:18:53.318Z[39m [31mERROR[39m [97m@wdio/browserstack-service[39m TEST REPORTING AND ANALYTICS Build creation failed null
[90m2025-12-09T20:18:53.319Z[39m [96mINFO[39m [97m@wdio/browserstack-service[39m browserstackLocal is not enabled - skipping...
[90m2025-12-09T20:18:54.891Z[39m [96mINFO[39m [97m@wdio/browserstack-service[39m startMain: Starting main process
[90m2025-12-09T20:18:54.891Z[39m [32mDEBUG[39m [97m@wdio/browserstack-service[39m Configuring Cli path.
[90m2025-12-09T20:18:54.891Z[39m [32mDEBUG[39m [97m@wdio/browserstack-service[39m File C:\Users\Vini\.browserstack already exist
[90m2025-12-09T20:18:54.892Z[39m [96mINFO[39m [97m@wdio/browserstack-service[39m Current CLI Path Found: 
[90m2025-12-09T20:18:54.898Z[39m [96mINFO[39m [97m@wdio/browserstack-service[39m startMain: Starting main process
[90m2025-12-09T20:18:54.899Z[39m [32mDEBUG[39m [97m@wdio/browserstack-service[39m Configuring Cli path.
[90m2025-12-09T20:18:54.899Z[39m [32mDEBUG[39m [97m@wdio/browserstack-service[39m File C:\Users\Vini\.browserstack already exist
[90m2025-12-09T20:18:54.899Z[39m [96mINFO[39m [97m@wdio/browserstack-service[39m Current CLI Path Found: 
[90m2025-12-09T20:18:54.929Z[39m [96mINFO[39m [97m@wdio/browserstack-service[39m startMain: Starting main process
[90m2025-12-09T20:18:54.930Z[39m [32mDEBUG[39m [97m@wdio/browserstack-service[39m Configuring Cli path.
[90m2025-12-09T20:18:54.930Z[39m [32mDEBUG[39m [97m@wdio/browserstack-service[39m File C:\Users\Vini\.browserstack already exist
[90m2025-12-09T20:18:54.931Z[39m [96mINFO[39m [97m@wdio/browserstack-service[39m Current CLI Path Found: 
[90m2025-12-09T20:18:54.937Z[39m [96mINFO[39m [97m@wdio/browserstack-service[39m startMain: Starting main process
[90m2025-12-09T20:18:54.937Z[39m [32mDEBUG[39m [97m@wdio/browserstack-service[39m Configuring Cli path.
[90m2025-12-09T20:18:54.938Z[39m [32mDEBUG[39m [97m@wdio/browserstack-service[39m File C:\Users\Vini\.browserstack already exist
[90m2025-12-09T20:18:54.938Z[39m [96mINFO[39m [97m@wdio/browserstack-service[39m Current CLI Path Found: 
[90m2025-12-09T20:18:55.184Z[39m [32mDEBUG[39m [97m@wdio/browserstack-service[39m response {"message":"Unauthorized"}
[90m2025-12-09T20:18:55.216Z[39m [32mDEBUG[39m [97m@wdio/browserstack-service[39m response {"message":"Unauthorized"}
[90m2025-12-09T20:18:55.253Z[39m [32mDEBUG[39m [97m@wdio/browserstack-service[39m response {"message":"Unauthorized"}
[90m2025-12-09T20:18:55.623Z[39m [32mDEBUG[39m [97m@wdio/browserstack-service[39m response {"message":"Unauthorized"}
[90m2025-12-09T20:18:55.184Z[39m [32mDEBUG[39m [97m@wdio/browserstack-service[39m Resolved binary path: 
[90m2025-12-09T20:18:55.184Z[39m [32mDEBUG[39m [97m@wdio/browserstack-service[39m spawning command=',sdk'
[90m2025-12-09T20:18:55.205Z[39m [31mERROR[39m [97m@wdio/browserstack-service[39m bootstrap: failed to bootstrap TypeError [ERR_INVALID_ARG_VALUE]: The argument 'file' cannot be empty. Received ''
    at normalizeSpawnArguments (node:child_process:572:11)
    at spawn (node:child_process:789:13)
    at _BrowserstackCLI.start (C:\Project automacao mobile\automacaoMobile\node_modules\@wdio\browserstack-service\build\index.js:8525:20)
    at process.processTicksAndRejections (node:internal/process/task_queues:103:5)
    at async _BrowserstackCLI.startMain (C:\Project automacao mobile\automacaoMobile\node_modules\@wdio\browserstack-service\build\index.js:8443:5)
    at async _BrowserstackCLI.bootstrap (C:\Project automacao mobile\automacaoMobile\node_modules\@wdio\browserstack-service\build\index.js:8429:7)
    at async BrowserstackService.beforeSession (C:\Project automacao mobile\automacaoMobile\node_modules\@wdio\browserstack-service\build\index.js:10177:9)
[90m2025-12-09T20:18:55.205Z[39m [32mDEBUG[39m [97m@wdio/browserstack-service[39m stop: CLI stop triggered
[90m2025-12-09T20:18:55.205Z[39m [32mDEBUG[39m [97m@wdio/browserstack-service[39m Unconfiguring modules
[90m2025-12-09T20:18:55.633Z[39m [32mDEBUG[39m [97m@wdio/browserstack-service[39m teardown started
[90m2025-12-09T20:18:55.633Z[39m [32mDEBUG[39m [97m@wdio/browserstack-service[39m teardown ended
[90m2025-12-09T20:18:55.217Z[39m [32mDEBUG[39m [97m@wdio/browserstack-service[39m Resolved binary path: 
[90m2025-12-09T20:18:55.217Z[39m [32mDEBUG[39m [97m@wdio/browserstack-service[39m spawning command=',sdk'
[90m2025-12-09T20:18:55.239Z[39m [31mERROR[39m [97m@wdio/browserstack-service[39m bootstrap: failed to bootstrap TypeError [ERR_INVALID_ARG_VALUE]: The argument 'file' cannot be empty. Received ''
    at normalizeSpawnArguments (node:child_process:572:11)
    at spawn (node:child_process:789:13)
    at _BrowserstackCLI.start (C:\Project automacao mobile\automacaoMobile\node_modules\@wdio\browserstack-service\build\index.js:8525:20)
    at process.processTicksAndRejections (node:internal/process/task_queues:103:5)
    at async _BrowserstackCLI.startMain (C:\Project automacao mobile\automacaoMobile\node_modules\@wdio\browserstack-service\build\index.js:8443:5)
    at async _BrowserstackCLI.bootstrap (C:\Project automacao mobile\automacaoMobile\node_modules\@wdio\browserstack-service\build\index.js:8429:7)
    at async BrowserstackService.beforeSession (C:\Project automacao mobile\automacaoMobile\node_modules\@wdio\browserstack-service\build\index.js:10177:9)
[90m2025-12-09T20:18:55.239Z[39m [32mDEBUG[39m [97m@wdio/browserstack-service[39m stop: CLI stop triggered
[90m2025-12-09T20:18:55.239Z[39m [32mDEBUG[39m [97m@wdio/browserstack-service[39m Unconfiguring modules
[90m2025-12-09T20:18:55.683Z[39m [32mDEBUG[39m [97m@wdio/browserstack-service[39m teardown started
[90m2025-12-09T20:18:55.683Z[39m [32mDEBUG[39m [97m@wdio/browserstack-service[39m teardown ended
[90m2025-12-09T20:18:55.253Z[39m [32mDEBUG[39m [97m@wdio/browserstack-service[39m Resolved binary path: 
[90m2025-12-09T20:18:55.253Z[39m [32mDEBUG[39m [97m@wdio/browserstack-service[39m spawning command=',sdk'
[90m2025-12-09T20:18:55.285Z[39m [31mERROR[39m [97m@wdio/browserstack-service[39m bootstrap: failed to bootstrap TypeError [ERR_INVALID_ARG_VALUE]: The argument 'file' cannot be empty. Received ''
    at normalizeSpawnArguments (node:child_process:572:11)
    at spawn (node:child_process:789:13)
    at _BrowserstackCLI.start (C:\Project automacao mobile\automacaoMobile\node_modules\@wdio\browserstack-service\build\index.js:8525:20)
    at process.processTicksAndRejections (node:internal/process/task_queues:103:5)
    at async _BrowserstackCLI.startMain (C:\Project automacao mobile\automacaoMobile\node_modules\@wdio\browserstack-service\build\index.js:8443:5)
    at async _BrowserstackCLI.bootstrap (C:\Project automacao mobile\automacaoMobile\node_modules\@wdio\browserstack-service\build\index.js:8429:7)
    at async BrowserstackService.beforeSession (C:\Project automacao mobile\automacaoMobile\node_modules\@wdio\browserstack-service\build\index.js:10177:9)
[90m2025-12-09T20:18:55.285Z[39m [32mDEBUG[39m [97m@wdio/browserstack-service[39m stop: CLI stop triggered
[90m2025-12-09T20:18:55.285Z[39m [32mDEBUG[39m [97m@wdio/browserstack-service[39m Unconfiguring modules
[90m2025-12-09T20:18:55.739Z[39m [32mDEBUG[39m [97m@wdio/browserstack-service[39m teardown started
[90m2025-12-09T20:18:55.739Z[39m [32mDEBUG[39m [97m@wdio/browserstack-service[39m teardown ended
[90m2025-12-09T20:18:55.624Z[39m [32mDEBUG[39m [97m@wdio/browserstack-service[39m Resolved binary path: 
[90m2025-12-09T20:18:55.624Z[39m [32mDEBUG[39m [97m@wdio/browserstack-service[39m spawning command=',sdk'
[90m2025-12-09T20:18:55.664Z[39m [31mERROR[39m [97m@wdio/browserstack-service[39m bootstrap: failed to bootstrap TypeError [ERR_INVALID_ARG_VALUE]: The argument 'file' cannot be empty. Received ''
    at normalizeSpawnArguments (node:child_process:572:11)
    at spawn (node:child_process:789:13)
    at _BrowserstackCLI.start (C:\Project automacao mobile\automacaoMobile\node_modules\@wdio\browserstack-service\build\index.js:8525:20)
    at process.processTicksAndRejections (node:internal/process/task_queues:103:5)
    at async _BrowserstackCLI.startMain (C:\Project automacao mobile\automacaoMobile\node_modules\@wdio\browserstack-service\build\index.js:8443:5)
    at async _BrowserstackCLI.bootstrap (C:\Project automacao mobile\automacaoMobile\node_modules\@wdio\browserstack-service\build\index.js:8429:7)
    at async BrowserstackService.beforeSession (C:\Project automacao mobile\automacaoMobile\node_modules\@wdio\browserstack-service\build\index.js:10177:9)
[90m2025-12-09T20:18:55.664Z[39m [32mDEBUG[39m [97m@wdio/browserstack-service[39m stop: CLI stop triggered
[90m2025-12-09T20:18:55.664Z[39m [32mDEBUG[39m [97m@wdio/browserstack-service[39m Unconfiguring modules
[90m2025-12-09T20:18:56.036Z[39m [32mDEBUG[39m [97m@wdio/browserstack-service[39m teardown started
[90m2025-12-09T20:18:56.036Z[39m [32mDEBUG[39m [97m@wdio/browserstack-service[39m teardown ended
[90m2025-12-09T20:18:58.441Z[39m [32mDEBUG[39m [97m@wdio/browserstack-service[39m Inside OnComplete hook..
[90m2025-12-09T20:18:58.441Z[39m [32mDEBUG[39m [97m@wdio/browserstack-service[39m Sending stop launch event
[90m2025-12-09T20:18:58.441Z[39m [32mDEBUG[39m [97m@wdio/browserstack-service[39m [STOP_BUILD] Missing Authentication Token/ Build ID
[90m2025-12-09T20:19:00.451Z[39m [96mINFO[39m [97m@wdio/browserstack-service[39m BrowserStack service run ended for id: e79023b9-90ab-4edf-a897-f277742a7811 testhub id: undefined
2025-12-09T20:19:01.429Z DEBUG @wdio/browserstack-service Successfully uploaded performance events Bravo
